writeCommonTags: couldn't write 'year' tag to 'Heartfelt Kids Naat 2021- Faslon Ko Takaluf Hay Ham Se Agar- Raees Asif UK.m4a' as it's not a positive integer
writeCommonTags: couldn't write 'track' tag to 'Heartfelt Kids Naat 2021- Faslon Ko Takaluf Hay Ham Se Agar- Raees Asif UK.m4a' as it's not a positive integer
writeCommonTags: couldn't write 'year' tag to 'Huliya E Mubarak _ Miyana Qad _ حلیہ مبارک رسول اکرم ﷺ_ Hafiz Abdul Basit Hassani Naqshbandi.mp4' as it's not a positive integer
writeCommonTags: couldn't write 'track' tag to 'Huliya E Mubarak _ Miyana Qad _ حلیہ مبارک رسول اکرم ﷺ_ Hafiz Abdul Basit Hassani Naqshbandi.mp4' as it's not a positive integer
writeCommonTags: couldn't write 'year' tag to 'hum nagmaye qurani.m4a' as it's not a positive integer
writeCommonTags: couldn't write 'track' tag to 'hum nagmaye qurani.m4a' as it's not a positive integer
writeCommonTags: couldn't write 'track' tag to 'Iltija.mp4' as it's not a positive integer
writeCommonTags: couldn't write 'track' tag to 'ishq-ki-rang-kalam-adib-raipuri.mp4' as it's not a positive integer
writeCommonTags: couldn't write 'track' tag to 'lineage-of-rasul.mp4' as it's not a positive integer
writeCommonTags: couldn't write 'year' tag to 'mora.m4a' as it's not a positive integer
writeCommonTags: couldn't write 'track' tag to 'mora.m4a' as it's not a positive integer
writeCommonTags: couldn't write 'track' tag to 'New Heart Touching Naat 2020 - Haji Hussain Yousuf Memon - Nazar e Karam Sarkar - Heera Gold.mp4' as it's not a positive integer
writeCommonTags: couldn't write 'year' tag to 'Heartfelt Kids Naat 2021- Faslon Ko Takaluf Hay Ham Se Agar- Raees Asif UK.m4a' as it's not a positive integer
writeCommonTags: couldn't write 'track' tag to 'Heartfelt Kids Naat 2021- Faslon Ko Takaluf Hay Ham Se Agar- Raees Asif UK.m4a' as it's not a positive integer
writeCommonTags: couldn't write 'year' tag to 'Huliya E Mubarak _ Miyana Qad _ حلیہ مبارک رسول اکرم ﷺ_ Hafiz Abdul Basit Hassani Naqshbandi.mp4' as it's not a positive integer
writeCommonTags: couldn't write 'track' tag to 'Huliya E Mubarak _ Miyana Qad _ حلیہ مبارک رسول اکرم ﷺ_ Hafiz Abdul Basit Hassani Naqshbandi.mp4' as it's not a positive integer
writeCommonTags: couldn't write 'year' tag to 'hum nagmaye qurani.m4a' as it's not a positive integer
writeCommonTags: couldn't write 'track' tag to 'hum nagmaye qurani.m4a' as it's not a positive integer
writeCommonTags: couldn't write 'track' tag to 'Iltija.mp4' as it's not a positive integer
writeCommonTags: couldn't write 'track' tag to 'ishq-ki-rang-kalam-adib-raipuri.mp4' as it's not a positive integer
writeCommonTags: couldn't write 'track' tag to 'lineage-of-rasul.mp4' as it's not a positive integer
writeCommonTags: couldn't write 'year' tag to 'mora.m4a' as it's not a positive integer
writeCommonTags: couldn't write 'track' tag to 'mora.m4a' as it's not a positive integer
writeCommonTags: couldn't write 'track' tag to 'New Heart Touching Naat 2020 - Haji Hussain Yousuf Memon - Nazar e Karam Sarkar - Heera Gold.mp4' as it's not a positive integer
writeCommonTags: couldn't write 'year' tag to 'Heartfelt Kids Naat 2021- Faslon Ko Takaluf Hay Ham Se Agar- Raees Asif UK.m4a' as it's not a positive integer
writeCommonTags: couldn't write 'track' tag to 'Heartfelt Kids Naat 2021- Faslon Ko Takaluf Hay Ham Se Agar- Raees Asif UK.m4a' as it's not a positive integer
writeCommonTags: couldn't write 'year' tag to 'Huliya E Mubarak _ Miyana Qad _ حلیہ مبارک رسول اکرم ﷺ_ Hafiz Abdul Basit Hassani Naqshbandi.mp4' as it's not a positive integer
writeCommonTags: couldn't write 'track' tag to 'Huliya E Mubarak _ Miyana Qad _ حلیہ مبارک رسول اکرم ﷺ_ Hafiz Abdul Basit Hassani Naqshbandi.mp4' as it's not a positive integer
writeCommonTags: couldn't write 'year' tag to 'hum nagmaye qurani.m4a' as it's not a positive integer
writeCommonTags: couldn't write 'track' tag to 'hum nagmaye qurani.m4a' as it's not a positive integer
writeCommonTags: couldn't write 'year' tag to 'Iltija.mp4' as it's not a positive integer
writeCommonTags: couldn't write 'track' tag to 'Iltija.mp4' as it's not a positive integer
writeCommonTags: couldn't write 'year' tag to 'ishq-ki-rang-kalam-adib-raipuri.mp4' as it's not a positive integer
writeCommonTags: couldn't write 'track' tag to 'ishq-ki-rang-kalam-adib-raipuri.mp4' as it's not a positive integer
writeCommonTags: couldn't write 'year' tag to 'lineage-of-rasul.mp4' as it's not a positive integer
writeCommonTags: couldn't write 'track' tag to 'lineage-of-rasul.mp4' as it's not a positive integer
writeCommonTags: couldn't write 'year' tag to 'mora.m4a' as it's not a positive integer
writeCommonTags: couldn't write 'track' tag to 'mora.m4a' as it's not a positive integer
writeCommonTags: couldn't write 'year' tag to 'New Heart Touching Naat 2020 - Haji Hussain Yousuf Memon - Nazar e Karam Sarkar - Heera Gold.mp4' as it's not a positive integer
writeCommonTags: couldn't write 'track' tag to 'New Heart Touching Naat 2020 - Haji Hussain Yousuf Memon - Nazar e Karam Sarkar - Heera Gold.mp4' as it's not a positive integer
writeCommonTags: couldn't write 'year' tag to 'Heartfelt Kids Naat 2021- Faslon Ko Takaluf Hay Ham Se Agar- Raees Asif UK.m4a' as it's not a positive integer
writeCommonTags: couldn't write 'track' tag to 'Heartfelt Kids Naat 2021- Faslon Ko Takaluf Hay Ham Se Agar- Raees Asif UK.m4a' as it's not a positive integer
writeCommonTags: couldn't write 'year' tag to 'Huliya E Mubarak _ Miyana Qad _ حلیہ مبارک رسول اکرم ﷺ_ Hafiz Abdul Basit Hassani Naqshbandi.mp4' as it's not a positive integer
writeCommonTags: couldn't write 'track' tag to 'Huliya E Mubarak _ Miyana Qad _ حلیہ مبارک رسول اکرم ﷺ_ Hafiz Abdul Basit Hassani Naqshbandi.mp4' as it's not a positive integer
writeCommonTags: couldn't write 'year' tag to 'hum nagmaye qurani.m4a' as it's not a positive integer
writeCommonTags: couldn't write 'track' tag to 'hum nagmaye qurani.m4a' as it's not a positive integer
writeCommonTags: couldn't write 'year' tag to 'Iltija.mp4' as it's not a positive integer
writeCommonTags: couldn't write 'track' tag to 'Iltija.mp4' as it's not a positive integer
writeCommonTags: couldn't write 'year' tag to 'ishq-ki-rang-kalam-adib-raipuri.mp4' as it's not a positive integer
writeCommonTags: couldn't write 'track' tag to 'ishq-ki-rang-kalam-adib-raipuri.mp4' as it's not a positive integer
writeCommonTags: couldn't write 'year' tag to 'lineage-of-rasul.mp4' as it's not a positive integer
writeCommonTags: couldn't write 'track' tag to 'lineage-of-rasul.mp4' as it's not a positive integer
writeCommonTags: couldn't write 'year' tag to 'mora.m4a' as it's not a positive integer
writeCommonTags: couldn't write 'track' tag to 'mora.m4a' as it's not a positive integer
writeCommonTags: couldn't write 'year' tag to 'New Heart Touching Naat 2020 - Haji Hussain Yousuf Memon - Nazar e Karam Sarkar - Heera Gold.mp4' as it's not a positive integer
writeCommonTags: couldn't write 'track' tag to 'New Heart Touching Naat 2020 - Haji Hussain Yousuf Memon - Nazar e Karam Sarkar - Heera Gold.mp4' as it's not a positive integer
